0 info it worked if it ends with ok
1 verbose cli [ 'node', '/usr/local/bin/npm', 'publish', './' ]
2 info using npm@1.4.28
3 info using node@v0.10.32
4 verbose publish [ './' ]
5 verbose cache add [ './', null ]
6 verbose cache add name=undefined spec="./" args=["./",null]
7 verbose parsed url { protocol: null,
7 verbose parsed url   slashes: null,
7 verbose parsed url   auth: null,
7 verbose parsed url   host: null,
7 verbose parsed url   port: null,
7 verbose parsed url   hostname: null,
7 verbose parsed url   hash: null,
7 verbose parsed url   search: null,
7 verbose parsed url   query: null,
7 verbose parsed url   pathname: './',
7 verbose parsed url   path: './',
7 verbose parsed url   href: './' }
8 silly lockFile 0ee6c175- ./
9 verbose lock ./ /Users/sarthakmunshi/.npm/0ee6c175-.lock
10 verbose tar pack [ '/Users/sarthakmunshi/.npm/topdf/0.0.1/package.tgz', './' ]
11 verbose tarball /Users/sarthakmunshi/.npm/topdf/0.0.1/package.tgz
12 verbose folder ./
13 info prepublish topdf@0.0.1
14 silly lockFile 04cb2bca-tar tar://./
15 verbose lock tar://./ /Users/sarthakmunshi/.npm/04cb2bca-tar.lock
16 silly lockFile d40d8ecb-nshi-npm-topdf-0-0-1-package-tgz tar:///Users/sarthakmunshi/.npm/topdf/0.0.1/package.tgz
17 verbose lock tar:///Users/sarthakmunshi/.npm/topdf/0.0.1/package.tgz /Users/sarthakmunshi/.npm/d40d8ecb-nshi-npm-topdf-0-0-1-package-tgz.lock
18 silly lockFile 04cb2bca-tar tar://./
19 silly lockFile 04cb2bca-tar tar://./
20 silly lockFile d40d8ecb-nshi-npm-topdf-0-0-1-package-tgz tar:///Users/sarthakmunshi/.npm/topdf/0.0.1/package.tgz
21 silly lockFile d40d8ecb-nshi-npm-topdf-0-0-1-package-tgz tar:///Users/sarthakmunshi/.npm/topdf/0.0.1/package.tgz
22 silly lockFile d77f1ae2-akmunshi-npm-topdf-0-0-1-package /Users/sarthakmunshi/.npm/topdf/0.0.1/package
23 verbose lock /Users/sarthakmunshi/.npm/topdf/0.0.1/package /Users/sarthakmunshi/.npm/d77f1ae2-akmunshi-npm-topdf-0-0-1-package.lock
24 silly lockFile d77f1ae2-akmunshi-npm-topdf-0-0-1-package /Users/sarthakmunshi/.npm/topdf/0.0.1/package
25 silly lockFile d77f1ae2-akmunshi-npm-topdf-0-0-1-package /Users/sarthakmunshi/.npm/topdf/0.0.1/package
26 silly lockFile 0ee6c175- ./
27 silly lockFile 0ee6c175- ./
28 silly publish { name: 'topdf',
28 silly publish   version: '0.0.1',
28 silly publish   description: 'converts your code to pdf',
28 silly publish   main: 'index.js',
28 silly publish   scripts: { test: 'echo "Error: no test specified" && exit 1' },
28 silly publish   dependencies: { 'phantomjs-pdf': '0.1.2' },
28 silly publish   repository: { type: 'git', url: 'https://github.com/saru95/topdf' },
28 silly publish   author:
28 silly publish    { name: 'Sarthak Munshi',
28 silly publish      email: 'sarthakmunshi@gmail.com',
28 silly publish      url: 'http://sarthakm.me/' },
28 silly publish   license: 'MIT',
28 silly publish   bugs: { url: 'https://github.com/saru95/topdf/issues' },
28 silly publish   homepage: 'https://github.com/saru95/topdf',
28 silly publish   readme: '# toPDF\nConvert your code into PDF from within your node code . PDF gets generated in the same folder as the code calling \nit with the name `print.pdf` .\n\n## Install\n```\nnpm install toPDF\n```\n\n## Usage\n`toPDF` takes 3 parameters : `filename` , `descriptions` and `author name ` .\n\nExample :\n\n1) Printing the same code :\n```js\n//test.js\n\nvar pdf = require(\'toPDF\') ;\n\nconsole.log("Tonight\'s gonna be a good night") ;\n\npdf.toPDF(\'test.js\',\'Just a simple test file\',\'Sarthak Munshi\') ;\n```\n\n2) Printing another file :\n```js\n//test.js\n\nvar pdf = require(\'toPDF\') ;\n\nconsole.log("Tonight\'s gonna be a good night") ;\n\npd.toPDF(\'package.json\',\'Printing the JSON\',\'Sarthak Munshi\') ;\n```\n\n## Output\n1)\n![](http://i57.tinypic.com/11uiw7n.jpg)\n\n2)\n![](http://i62.tinypic.com/28te6ht.jpg)\n\n',
28 silly publish   readmeFilename: 'README.md',
28 silly publish   gitHead: '238ba575f51450f94126e9a9d500b21aa5f264fb',
28 silly publish   _id: 'topdf@0.0.1',
28 silly publish   _shasum: '88a01fd481715a8beeb5d6a3b1b3acc5c136fdde',
28 silly publish   _from: './' }
29 verbose request where is /topdf
30 verbose request registry https://registry.npmjs.org/
31 verbose request id b0bcc7b5a5d3291b
32 verbose url raw /topdf
33 verbose url resolving [ 'https://registry.npmjs.org/', './topdf' ]
34 verbose url resolved https://registry.npmjs.org/topdf
35 verbose request where is https://registry.npmjs.org/topdf
36 info trying registry request attempt 1 at 13:29:45
37 http PUT https://registry.npmjs.org/topdf
38 http 403 https://registry.npmjs.org/topdf
39 verbose headers { 'content-type': 'application/json',
39 verbose headers   'cache-control': 'max-age=60',
39 verbose headers   'content-length': '97',
39 verbose headers   'accept-ranges': 'bytes',
39 verbose headers   date: 'Wed, 10 Jun 2015 07:59:47 GMT',
39 verbose headers   via: '1.1 varnish',
39 verbose headers   connection: 'keep-alive',
39 verbose headers   'x-served-by': 'cache-sin6922-SIN',
39 verbose headers   'x-cache': 'MISS',
39 verbose headers   'x-cache-hits': '0',
39 verbose headers   'x-timer': 'S1433923186.037214,VS0,VE1662' }
40 error publish Failed PUT 403
41 error Error: You do not have permission to publish 'topdf'. Are you logged in as the correct user? : topdf
41 error     at RegClient.<anonymous> (/usr/local/lib/node_modules/npm/node_modules/npm-registry-client/lib/request.js:308:14)
41 error     at Request._callback (/usr/local/lib/node_modules/npm/node_modules/npm-registry-client/lib/request.js:246:65)
41 error     at Request.self.callback (/usr/local/lib/node_modules/npm/node_modules/request/request.js:236:22)
41 error     at Request.emit (events.js:98:17)
41 error     at Request.<anonymous> (/usr/local/lib/node_modules/npm/node_modules/request/request.js:1142:14)
41 error     at Request.emit (events.js:117:20)
41 error     at IncomingMessage.<anonymous> (/usr/local/lib/node_modules/npm/node_modules/request/request.js:1096:12)
41 error     at IncomingMessage.emit (events.js:117:20)
41 error     at _stream_readable.js:943:16
41 error     at process._tickCallback (node.js:419:13)
42 error If you need help, you may report this *entire* log,
42 error including the npm and node versions, at:
42 error     <http://github.com/npm/npm/issues>
43 error System Darwin 14.3.0
44 error command "node" "/usr/local/bin/npm" "publish" "./"
45 error cwd /Users/sarthakmunshi/Desktop/Print/topdf
46 error node -v v0.10.32
47 error npm -v 1.4.28
48 verbose exit [ 1, true ]
